<?xml version="1.0" encoding="UTF-8"?>
<coverage generated="1597253991157" clover="3.2.0">
  <project timestamp="1597253991157" name="All files">
    <metrics statements="199" coveredstatements="195" conditionals="124" coveredconditionals="118" methods="37" coveredmethods="36" elements="360" coveredelements="349" complexity="0" loc="199" ncloc="199" packages="1" files="1" classes="1"/>
    <file name="private.js" path="/Users/mimir/Sites/Github/jsTree/src/private.js">
      <metrics statements="199" coveredstatements="195" conditionals="124" coveredconditionals="118" methods="37" coveredmethods="36"/>
      <line num="119" count="1900" type="cond" truecount="2" falsecount="0"/>
      <line num="120" count="949" type="stmt"/>
      <line num="123" count="951" type="stmt"/>
      <line num="125" count="951" type="cond" truecount="2" falsecount="0"/>
      <line num="126" count="951" type="cond" truecount="2" falsecount="0"/>
      <line num="127" count="951" type="cond" truecount="2" falsecount="0"/>
      <line num="128" count="951" type="stmt"/>
      <line num="129" count="951" type="stmt"/>
      <line num="135" count="951" type="stmt"/>
      <line num="141" count="951" type="stmt"/>
      <line num="148" count="951" type="stmt"/>
      <line num="155" count="951" type="cond" truecount="5" falsecount="0"/>
      <line num="159" count="951" type="stmt"/>
      <line num="160" count="2495" type="stmt"/>
      <line num="161" count="2495" type="cond" truecount="2" falsecount="0"/>
      <line num="162" count="2469" type="stmt"/>
      <line num="164" count="26" type="cond" truecount="4" falsecount="0"/>
      <line num="165" count="19" type="stmt"/>
      <line num="169" count="951" type="stmt"/>
      <line num="170" count="951" type="stmt"/>
      <line num="185" count="2" type="stmt"/>
      <line num="186" count="241" type="cond" truecount="4" falsecount="0"/>
      <line num="187" count="14" type="stmt"/>
      <line num="191" count="227" type="stmt"/>
      <line num="192" count="227" type="stmt"/>
      <line num="194" count="227" type="cond" truecount="2" falsecount="0"/>
      <line num="195" count="50" type="stmt"/>
      <line num="198" count="227" type="stmt"/>
      <line num="199" count="230" type="stmt"/>
      <line num="200" count="230" type="stmt"/>
      <line num="201" count="230" type="stmt"/>
      <line num="202" count="467" type="stmt"/>
      <line num="203" count="467" type="stmt"/>
      <line num="206" count="230" type="stmt"/>
      <line num="207" count="230" type="stmt"/>
      <line num="210" count="227" type="stmt"/>
      <line num="223" count="2" type="stmt"/>
      <line num="230" count="232" type="cond" truecount="2" falsecount="0"/>
      <line num="231" count="1" type="stmt"/>
      <line num="234" count="231" type="stmt"/>
      <line num="237" count="231" type="cond" truecount="2" falsecount="0"/>
      <line num="238" count="227" type="stmt"/>
      <line num="241" count="4" type="stmt"/>
      <line num="242" count="4" type="stmt"/>
      <line num="243" count="7" type="stmt"/>
      <line num="244" count="14" type="cond" truecount="4" falsecount="0"/>
      <line num="245" count="3" type="stmt"/>
      <line num="246" count="11" type="cond" truecount="2" falsecount="0"/>
      <line num="247" count="7" type="stmt"/>
      <line num="249" count="14" type="stmt"/>
      <line num="252" count="7" type="stmt"/>
      <line num="254" count="7" type="stmt"/>
      <line num="255" count="7" type="cond" truecount="4" falsecount="0"/>
      <line num="256" count="4" type="stmt"/>
      <line num="258" count="3" type="stmt"/>
      <line num="262" count="4" type="stmt"/>
      <line num="273" count="2" type="stmt"/>
      <line num="274" count="3601" type="stmt"/>
      <line num="275" count="3601" type="cond" truecount="2" falsecount="0"/>
      <line num="276" count="3039" type="stmt"/>
      <line num="277" count="2497" type="stmt"/>
      <line num="289" count="2" type="stmt"/>
      <line num="290" count="1096" type="stmt"/>
      <line num="292" count="1096" type="stmt"/>
      <line num="293" count="3581" type="cond" truecount="2" falsecount="0"/>
      <line num="294" count="562" type="stmt"/>
      <line num="295" count="562" type="stmt"/>
      <line num="297" count="3019" type="stmt"/>
      <line num="300" count="1096" type="stmt"/>
      <line num="316" count="2" type="stmt"/>
      <line num="317" count="237" type="cond" truecount="2" falsecount="0"/>
      <line num="331" count="2" type="stmt"/>
      <line num="332" count="27" type="stmt"/>
      <line num="333" count="27" type="cond" truecount="2" falsecount="0"/>
      <line num="335" count="27" type="stmt"/>
      <line num="336" count="27" type="stmt"/>
      <line num="337" count="27" type="cond" truecount="2" falsecount="0"/>
      <line num="338" count="26" type="stmt"/>
      <line num="339" count="20" type="stmt"/>
      <line num="340" count="20" type="stmt"/>
      <line num="344" count="27" type="cond" truecount="2" falsecount="0"/>
      <line num="366" count="2" type="stmt"/>
      <line num="367" count="60" type="cond" truecount="2" falsecount="0"/>
      <line num="369" count="60" type="stmt"/>
      <line num="370" count="60" type="cond" truecount="2" falsecount="0"/>
      <line num="371" count="60" type="cond" truecount="1" falsecount="1"/>
      <line num="373" count="60" type="stmt"/>
      <line num="375" count="59" type="cond" truecount="2" falsecount="0"/>
      <line num="376" count="39" type="stmt"/>
      <line num="378" count="20" type="stmt"/>
      <line num="382" count="2" type="stmt"/>
      <line num="403" count="2817" type="cond" truecount="2" falsecount="0"/>
      <line num="404" count="1379" type="stmt"/>
      <line num="407" count="1438" type="cond" truecount="2" falsecount="0"/>
      <line num="408" count="26" type="stmt"/>
      <line num="409" count="1412" type="cond" truecount="2" falsecount="0"/>
      <line num="410" count="467" type="stmt"/>
      <line num="413" count="1438" type="stmt"/>
      <line num="414" count="1438" type="stmt"/>
      <line num="415" count="1631" type="cond" truecount="1" falsecount="1"/>
      <line num="416" count="1631" type="cond" truecount="4" falsecount="0"/>
      <line num="419" count="1631" type="stmt"/>
      <line num="420" count="1631" type="stmt"/>
      <line num="422" count="1631" type="stmt"/>
      <line num="425" count="1438" type="stmt"/>
      <line num="426" count="1438" type="stmt"/>
      <line num="435" count="2" type="stmt"/>
      <line num="436" count="60" type="stmt"/>
      <line num="439" count="60" type="stmt"/>
      <line num="440" count="367" type="cond" truecount="4" falsecount="0"/>
      <line num="441" count="4" type="stmt"/>
      <line num="443" count="363" type="stmt"/>
      <line num="446" count="60" type="stmt"/>
      <line num="448" count="59" type="stmt"/>
      <line num="449" count="277" type="stmt"/>
      <line num="450" count="277" type="stmt"/>
      <line num="452" count="277" type="stmt"/>
      <line num="453" count="277" type="cond" truecount="2" falsecount="0"/>
      <line num="454" count="222" type="stmt"/>
      <line num="455" count="222" type="stmt"/>
      <line num="459" count="59" type="stmt"/>
      <line num="460" count="53" type="stmt"/>
      <line num="463" count="59" type="stmt"/>
      <line num="465" count="2" type="stmt"/>
      <line num="466" count="60" type="stmt"/>
      <line num="467" count="60" type="stmt"/>
      <line num="468" count="277" type="cond" truecount="2" falsecount="0"/>
      <line num="469" count="272" type="stmt"/>
      <line num="471" count="5" type="stmt"/>
      <line num="472" count="7" type="cond" truecount="2" falsecount="0"/>
      <line num="473" count="2" type="stmt"/>
      <line num="475" count="5" type="stmt"/>
      <line num="480" count="60" type="stmt"/>
      <line num="482" count="2" type="stmt"/>
      <line num="483" count="0" type="stmt"/>
      <line num="485" count="2" type="stmt"/>
      <line num="486" count="8" type="stmt"/>
      <line num="488" count="2" type="stmt"/>
      <line num="489" count="32" type="cond" truecount="2" falsecount="0"/>
      <line num="490" count="25" type="stmt"/>
      <line num="491" count="18" type="cond" truecount="2" falsecount="0"/>
      <line num="492" count="10" type="stmt"/>
      <line num="494" count="8" type="cond" truecount="1" falsecount="1"/>
      <line num="495" count="8" type="stmt"/>
      <line num="497" count="0" type="stmt"/>
      <line num="503" count="32" type="cond" truecount="2" falsecount="0"/>
      <line num="504" count="22" type="stmt"/>
      <line num="506" count="10" type="stmt"/>
      <line num="507" count="10" type="cond" truecount="2" falsecount="0"/>
      <line num="510" count="2" type="stmt"/>
      <line num="511" count="26" type="stmt"/>
      <line num="523" count="2" type="stmt"/>
      <line num="524" count="41" type="stmt"/>
      <line num="526" count="41" type="cond" truecount="1" falsecount="1"/>
      <line num="531" count="0" type="stmt"/>
      <line num="535" count="41" type="cond" truecount="2" falsecount="1"/>
      <line num="537" count="1" type="stmt"/>
      <line num="538" count="4" type="cond" truecount="1" falsecount="1"/>
      <line num="539" count="0" type="stmt"/>
      <line num="542" count="1" type="stmt"/>
      <line num="545" count="40" type="stmt"/>
      <line num="546" count="36" type="cond" truecount="2" falsecount="0"/>
      <line num="547" count="15" type="stmt"/>
      <line num="550" count="25" type="stmt"/>
      <line num="553" count="26" type="stmt"/>
      <line num="561" count="2" type="stmt"/>
      <line num="562" count="290" type="stmt"/>
      <line num="563" count="519" type="cond" truecount="2" falsecount="0"/>
      <line num="564" count="3" type="cond" truecount="2" falsecount="0"/>
      <line num="565" count="2" type="stmt"/>
      <line num="567" count="1" type="stmt"/>
      <line num="569" count="516" type="stmt"/>
      <line num="570" count="516" type="stmt"/>
      <line num="587" count="1556" type="cond" truecount="2" falsecount="0"/>
      <line num="596" count="1484" type="stmt"/>
      <line num="598" count="72" type="stmt"/>
      <line num="602" count="1766" type="cond" truecount="4" falsecount="0"/>
      <line num="615" count="410" type="stmt"/>
      <line num="617" count="410" type="stmt"/>
      <line num="623" count="410" type="stmt"/>
      <line num="624" count="1642" type="stmt"/>
      <line num="627" count="410" type="stmt"/>
      <line num="628" count="405" type="stmt"/>
      <line num="631" count="410" type="stmt"/>
      <line num="634" count="277" type="stmt"/>
      <line num="635" count="277" type="stmt"/>
      <line num="636" count="277" type="stmt"/>
      <line num="637" count="277" type="stmt"/>
      <line num="639" count="277" type="cond" truecount="2" falsecount="0"/>
      <line num="640" count="97" type="stmt"/>
      <line num="643" count="180" type="stmt"/>
      <line num="644" count="650" type="stmt"/>
      <line num="645" count="650" type="stmt"/>
      <line num="648" count="180" type="cond" truecount="2" falsecount="0"/>
      <line num="649" count="49" type="stmt"/>
      <line num="650" count="338" type="cond" truecount="2" falsecount="0"/>
      <line num="651" count="169" type="stmt"/>
      <line num="653" count="338" type="stmt"/>
      <line num="657" count="131" type="stmt"/>
    </file>
  </project>
</coverage>
