{"/Users/mimir/Sites/Github/jsTree/src/private.js": {"path":"/Users/mimir/Sites/Github/jsTree/src/private.js","statementMap":{"0":{"start":{"line":119,"column":2},"end":{"line":121,"column":3}},"1":{"start":{"line":120,"column":4},"end":{"line":120,"column":27}},"2":{"start":{"line":123,"column":2},"end":{"line":123,"column":29}},"3":{"start":{"line":125,"column":12},"end":{"line":125,"column":55}},"4":{"start":{"line":126,"column":15},"end":{"line":126,"column":64}},"5":{"start":{"line":127,"column":17},"end":{"line":127,"column":75}},"6":{"start":{"line":128,"column":19},"end":{"line":128,"column":70}},"7":{"start":{"line":129,"column":20},"end":{"line":129,"column":57}},"8":{"start":{"line":135,"column":2},"end":{"line":135,"column":16}},"9":{"start":{"line":141,"column":2},"end":{"line":141,"column":22}},"10":{"start":{"line":148,"column":2},"end":{"line":148,"column":32}},"11":{"start":{"line":155,"column":2},"end":{"line":157,"column":7}},"12":{"start":{"line":159,"column":2},"end":{"line":167,"column":10}},"13":{"start":{"line":160,"column":16},"end":{"line":160,"column":27}},"14":{"start":{"line":161,"column":4},"end":{"line":163,"column":5}},"15":{"start":{"line":162,"column":6},"end":{"line":162,"column":12}},"16":{"start":{"line":164,"column":4},"end":{"line":166,"column":5}},"17":{"start":{"line":165,"column":6},"end":{"line":165,"column":23}},"18":{"start":{"line":169,"column":2},"end":{"line":169,"column":21}},"19":{"start":{"line":170,"column":2},"end":{"line":170,"column":44}},"20":{"start":{"line":185,"column":0},"end":{"line":211,"column":1}},"21":{"start":{"line":186,"column":2},"end":{"line":188,"column":3}},"22":{"start":{"line":187,"column":4},"end":{"line":187,"column":15}},"23":{"start":{"line":191,"column":11},"end":{"line":191,"column":38}},"24":{"start":{"line":192,"column":15},"end":{"line":192,"column":42}},"25":{"start":{"line":194,"column":2},"end":{"line":196,"column":3}},"26":{"start":{"line":195,"column":4},"end":{"line":195,"column":17}},"27":{"start":{"line":198,"column":2},"end":{"line":208,"column":3}},"28":{"start":{"line":199,"column":4},"end":{"line":199,"column":44}},"29":{"start":{"line":200,"column":4},"end":{"line":200,"column":41}},"30":{"start":{"line":201,"column":4},"end":{"line":204,"column":10}},"31":{"start":{"line":202,"column":6},"end":{"line":202,"column":32}},"32":{"start":{"line":203,"column":6},"end":{"line":203,"column":19}},"33":{"start":{"line":206,"column":4},"end":{"line":206,"column":58}},"34":{"start":{"line":207,"column":4},"end":{"line":207,"column":38}},"35":{"start":{"line":210,"column":2},"end":{"line":210,"column":19}},"36":{"start":{"line":223,"column":0},"end":{"line":263,"column":1}},"37":{"start":{"line":230,"column":2},"end":{"line":232,"column":3}},"38":{"start":{"line":231,"column":4},"end":{"line":231,"column":33}},"39":{"start":{"line":234,"column":2},"end":{"line":234,"column":22}},"40":{"start":{"line":237,"column":2},"end":{"line":239,"column":3}},"41":{"start":{"line":238,"column":4},"end":{"line":238,"column":15}},"42":{"start":{"line":241,"column":2},"end":{"line":241,"column":32}},"43":{"start":{"line":242,"column":2},"end":{"line":260,"column":3}},"44":{"start":{"line":243,"column":4},"end":{"line":250,"column":10}},"45":{"start":{"line":244,"column":6},"end":{"line":248,"column":7}},"46":{"start":{"line":245,"column":8},"end":{"line":245,"column":20}},"47":{"start":{"line":246,"column":13},"end":{"line":248,"column":7}},"48":{"start":{"line":247,"column":8},"end":{"line":247,"column":21}},"49":{"start":{"line":249,"column":6},"end":{"line":249,"column":14}},"50":{"start":{"line":252,"column":4},"end":{"line":252,"column":52}},"51":{"start":{"line":254,"column":4},"end":{"line":254,"column":37}},"52":{"start":{"line":255,"column":4},"end":{"line":259,"column":5}},"53":{"start":{"line":256,"column":6},"end":{"line":256,"column":11}},"54":{"start":{"line":258,"column":6},"end":{"line":258,"column":24}},"55":{"start":{"line":262,"column":2},"end":{"line":262,"column":13}},"56":{"start":{"line":273,"column":0},"end":{"line":280,"column":1}},"57":{"start":{"line":274,"column":13},"end":{"line":274,"column":47}},"58":{"start":{"line":275,"column":2},"end":{"line":279,"column":3}},"59":{"start":{"line":276,"column":4},"end":{"line":278,"column":5}},"60":{"start":{"line":276,"column":17},"end":{"line":276,"column":18}},"61":{"start":{"line":277,"column":6},"end":{"line":277,"column":45}},"62":{"start":{"line":289,"column":0},"end":{"line":301,"column":1}},"63":{"start":{"line":290,"column":15},"end":{"line":290,"column":19}},"64":{"start":{"line":292,"column":2},"end":{"line":298,"column":4}},"65":{"start":{"line":293,"column":4},"end":{"line":296,"column":5}},"66":{"start":{"line":294,"column":6},"end":{"line":294,"column":19}},"67":{"start":{"line":295,"column":6},"end":{"line":295,"column":17}},"68":{"start":{"line":297,"column":4},"end":{"line":297,"column":16}},"69":{"start":{"line":300,"column":2},"end":{"line":300,"column":15}},"70":{"start":{"line":316,"column":0},"end":{"line":318,"column":1}},"71":{"start":{"line":317,"column":2},"end":{"line":317,"column":58}},"72":{"start":{"line":331,"column":0},"end":{"line":345,"column":1}},"73":{"start":{"line":332,"column":2},"end":{"line":332,"column":31}},"74":{"start":{"line":333,"column":2},"end":{"line":333,"column":54}},"75":{"start":{"line":335,"column":17},"end":{"line":335,"column":36}},"76":{"start":{"line":336,"column":15},"end":{"line":336,"column":48}},"77":{"start":{"line":337,"column":2},"end":{"line":342,"column":3}},"78":{"start":{"line":338,"column":4},"end":{"line":341,"column":10}},"79":{"start":{"line":339,"column":6},"end":{"line":339,"column":37}},"80":{"start":{"line":340,"column":6},"end":{"line":340,"column":19}},"81":{"start":{"line":344,"column":2},"end":{"line":344,"column":79}},"82":{"start":{"line":366,"column":0},"end":{"line":380,"column":1}},"83":{"start":{"line":367,"column":2},"end":{"line":367,"column":43}},"84":{"start":{"line":369,"column":2},"end":{"line":369,"column":31}},"85":{"start":{"line":370,"column":2},"end":{"line":370,"column":59}},"86":{"start":{"line":371,"column":2},"end":{"line":371,"column":79}},"87":{"start":{"line":373,"column":18},"end":{"line":373,"column":74}},"88":{"start":{"line":375,"column":2},"end":{"line":379,"column":3}},"89":{"start":{"line":376,"column":4},"end":{"line":376,"column":29}},"90":{"start":{"line":378,"column":4},"end":{"line":378,"column":40}},"91":{"start":{"line":382,"column":0},"end":{"line":382,"column":19}},"92":{"start":{"line":403,"column":2},"end":{"line":405,"column":3}},"93":{"start":{"line":404,"column":4},"end":{"line":404,"column":34}},"94":{"start":{"line":407,"column":2},"end":{"line":411,"column":3}},"95":{"start":{"line":408,"column":4},"end":{"line":408,"column":23}},"96":{"start":{"line":409,"column":9},"end":{"line":411,"column":3}},"97":{"start":{"line":410,"column":4},"end":{"line":410,"column":14}},"98":{"start":{"line":413,"column":13},"end":{"line":413,"column":14}},"99":{"start":{"line":414,"column":2},"end":{"line":423,"column":8}},"100":{"start":{"line":415,"column":4},"end":{"line":421,"column":5}},"101":{"start":{"line":416,"column":6},"end":{"line":418,"column":14}},"102":{"start":{"line":419,"column":6},"end":{"line":419,"column":18}},"103":{"start":{"line":420,"column":6},"end":{"line":420,"column":29}},"104":{"start":{"line":422,"column":4},"end":{"line":422,"column":12}},"105":{"start":{"line":425,"column":2},"end":{"line":425,"column":18}},"106":{"start":{"line":426,"column":2},"end":{"line":426,"column":33}},"107":{"start":{"line":435,"column":0},"end":{"line":464,"column":1}},"108":{"start":{"line":436,"column":18},"end":{"line":436,"column":20}},"109":{"start":{"line":439,"column":15},"end":{"line":444,"column":4}},"110":{"start":{"line":440,"column":4},"end":{"line":442,"column":5}},"111":{"start":{"line":441,"column":6},"end":{"line":441,"column":15}},"112":{"start":{"line":443,"column":4},"end":{"line":443,"column":30}},"113":{"start":{"line":446,"column":12},"end":{"line":446,"column":32}},"114":{"start":{"line":448,"column":2},"end":{"line":457,"column":4}},"115":{"start":{"line":449,"column":14},"end":{"line":449,"column":27}},"116":{"start":{"line":450,"column":15},"end":{"line":450,"column":23}},"117":{"start":{"line":452,"column":19},"end":{"line":452,"column":55}},"118":{"start":{"line":453,"column":4},"end":{"line":456,"column":5}},"119":{"start":{"line":454,"column":6},"end":{"line":454,"column":51}},"120":{"start":{"line":455,"column":6},"end":{"line":455,"column":28}},"121":{"start":{"line":459,"column":2},"end":{"line":461,"column":4}},"122":{"start":{"line":460,"column":4},"end":{"line":460,"column":28}},"123":{"start":{"line":463,"column":2},"end":{"line":463,"column":28}},"124":{"start":{"line":465,"column":0},"end":{"line":481,"column":1}},"125":{"start":{"line":466,"column":14},"end":{"line":466,"column":16}},"126":{"start":{"line":467,"column":2},"end":{"line":479,"column":4}},"127":{"start":{"line":468,"column":4},"end":{"line":478,"column":5}},"128":{"start":{"line":469,"column":6},"end":{"line":469,"column":22}},"129":{"start":{"line":471,"column":6},"end":{"line":477,"column":8}},"130":{"start":{"line":472,"column":8},"end":{"line":476,"column":9}},"131":{"start":{"line":473,"column":10},"end":{"line":473,"column":29}},"132":{"start":{"line":475,"column":10},"end":{"line":475,"column":58}},"133":{"start":{"line":480,"column":2},"end":{"line":480,"column":14}},"134":{"start":{"line":482,"column":0},"end":{"line":484,"column":1}},"135":{"start":{"line":483,"column":2},"end":{"line":483,"column":42}},"136":{"start":{"line":485,"column":0},"end":{"line":487,"column":1}},"137":{"start":{"line":486,"column":2},"end":{"line":486,"column":26}},"138":{"start":{"line":488,"column":0},"end":{"line":509,"column":1}},"139":{"start":{"line":489,"column":2},"end":{"line":499,"column":3}},"140":{"start":{"line":490,"column":4},"end":{"line":498,"column":5}},"141":{"start":{"line":491,"column":6},"end":{"line":493,"column":7}},"142":{"start":{"line":492,"column":8},"end":{"line":492,"column":17}},"143":{"start":{"line":494,"column":6},"end":{"line":496,"column":7}},"144":{"start":{"line":495,"column":8},"end":{"line":495,"column":16}},"145":{"start":{"line":497,"column":6},"end":{"line":497,"column":14}},"146":{"start":{"line":503,"column":2},"end":{"line":508,"column":3}},"147":{"start":{"line":504,"column":4},"end":{"line":504,"column":15}},"148":{"start":{"line":506,"column":4},"end":{"line":506,"column":49}},"149":{"start":{"line":507,"column":4},"end":{"line":507,"column":46}},"150":{"start":{"line":510,"column":0},"end":{"line":512,"column":1}},"151":{"start":{"line":511,"column":2},"end":{"line":511,"column":47}},"152":{"start":{"line":523,"column":0},"end":{"line":554,"column":1}},"153":{"start":{"line":524,"column":2},"end":{"line":524,"column":31}},"154":{"start":{"line":526,"column":2},"end":{"line":532,"column":3}},"155":{"start":{"line":531,"column":4},"end":{"line":531,"column":16}},"156":{"start":{"line":535,"column":2},"end":{"line":551,"column":3}},"157":{"start":{"line":537,"column":6},"end":{"line":541,"column":7}},"158":{"start":{"line":538,"column":8},"end":{"line":540,"column":9}},"159":{"start":{"line":539,"column":10},"end":{"line":539,"column":22}},"160":{"start":{"line":542,"column":6},"end":{"line":542,"column":11}},"161":{"start":{"line":545,"column":6},"end":{"line":549,"column":7}},"162":{"start":{"line":546,"column":8},"end":{"line":548,"column":9}},"163":{"start":{"line":547,"column":10},"end":{"line":547,"column":22}},"164":{"start":{"line":550,"column":6},"end":{"line":550,"column":11}},"165":{"start":{"line":553,"column":2},"end":{"line":553,"column":13}},"166":{"start":{"line":561,"column":0},"end":{"line":572,"column":1}},"167":{"start":{"line":562,"column":2},"end":{"line":571,"column":25}},"168":{"start":{"line":563,"column":4},"end":{"line":568,"column":5}},"169":{"start":{"line":564,"column":6},"end":{"line":566,"column":7}},"170":{"start":{"line":565,"column":8},"end":{"line":565,"column":18}},"171":{"start":{"line":567,"column":6},"end":{"line":567,"column":44}},"172":{"start":{"line":569,"column":4},"end":{"line":569,"column":24}},"173":{"start":{"line":570,"column":4},"end":{"line":570,"column":14}},"174":{"start":{"line":587,"column":2},"end":{"line":599,"column":3}},"175":{"start":{"line":596,"column":4},"end":{"line":596,"column":14}},"176":{"start":{"line":598,"column":4},"end":{"line":598,"column":15}},"177":{"start":{"line":602,"column":2},"end":{"line":602,"column":70}},"178":{"start":{"line":615,"column":2},"end":{"line":615,"column":33}},"179":{"start":{"line":617,"column":14},"end":{"line":621,"column":3}},"180":{"start":{"line":623,"column":2},"end":{"line":625,"column":10}},"181":{"start":{"line":624,"column":4},"end":{"line":624,"column":26}},"182":{"start":{"line":627,"column":2},"end":{"line":629,"column":4}},"183":{"start":{"line":628,"column":4},"end":{"line":628,"column":30}},"184":{"start":{"line":631,"column":2},"end":{"line":631,"column":20}},"185":{"start":{"line":634,"column":2},"end":{"line":634,"column":25}},"186":{"start":{"line":635,"column":17},"end":{"line":635,"column":19}},"187":{"start":{"line":636,"column":15},"end":{"line":636,"column":26}},"188":{"start":{"line":637,"column":14},"end":{"line":637,"column":24}},"189":{"start":{"line":639,"column":2},"end":{"line":641,"column":3}},"190":{"start":{"line":640,"column":4},"end":{"line":640,"column":19}},"191":{"start":{"line":643,"column":2},"end":{"line":646,"column":3}},"192":{"start":{"line":644,"column":4},"end":{"line":644,"column":25}},"193":{"start":{"line":645,"column":4},"end":{"line":645,"column":31}},"194":{"start":{"line":648,"column":2},"end":{"line":655,"column":3}},"195":{"start":{"line":649,"column":4},"end":{"line":654,"column":10}},"196":{"start":{"line":650,"column":6},"end":{"line":652,"column":7}},"197":{"start":{"line":651,"column":8},"end":{"line":651,"column":29}},"198":{"start":{"line":653,"column":6},"end":{"line":653,"column":19}},"199":{"start":{"line":657,"column":2},"end":{"line":657,"column":17}}},"fnMap":{"0":{"name":"Tree","decl":{"start":{"line":118,"column":9},"end":{"line":118,"column":13}},"loc":{"start":{"line":118,"column":23},"end":{"line":171,"column":1}},"line":118},"1":{"name":"(anonymous_1)","decl":{"start":{"line":159,"column":30},"end":{"line":159,"column":31}},"loc":{"start":{"line":159,"column":45},"end":{"line":167,"column":3}},"line":159},"2":{"name":"(anonymous_2)","decl":{"start":{"line":185,"column":21},"end":{"line":185,"column":22}},"loc":{"start":{"line":185,"column":43},"end":{"line":211,"column":1}},"line":185},"3":{"name":"(anonymous_3)","decl":{"start":{"line":201,"column":44},"end":{"line":201,"column":45}},"loc":{"start":{"line":201,"column":67},"end":{"line":204,"column":5}},"line":201},"4":{"name":"(anonymous_4)","decl":{"start":{"line":223,"column":24},"end":{"line":223,"column":25}},"loc":{"start":{"line":223,"column":39},"end":{"line":263,"column":1}},"line":223},"5":{"name":"(anonymous_5)","decl":{"start":{"line":243,"column":38},"end":{"line":243,"column":39}},"loc":{"start":{"line":243,"column":58},"end":{"line":250,"column":5}},"line":243},"6":{"name":"(anonymous_6)","decl":{"start":{"line":273,"column":25},"end":{"line":273,"column":26}},"loc":{"start":{"line":273,"column":50},"end":{"line":280,"column":1}},"line":273},"7":{"name":"(anonymous_7)","decl":{"start":{"line":289,"column":21},"end":{"line":289,"column":22}},"loc":{"start":{"line":289,"column":36},"end":{"line":301,"column":1}},"line":289},"8":{"name":"(anonymous_8)","decl":{"start":{"line":292,"column":15},"end":{"line":292,"column":16}},"loc":{"start":{"line":292,"column":31},"end":{"line":298,"column":3}},"line":292},"9":{"name":"(anonymous_9)","decl":{"start":{"line":316,"column":25},"end":{"line":316,"column":26}},"loc":{"start":{"line":316,"column":37},"end":{"line":318,"column":1}},"line":316},"10":{"name":"(anonymous_10)","decl":{"start":{"line":331,"column":22},"end":{"line":331,"column":23}},"loc":{"start":{"line":331,"column":41},"end":{"line":345,"column":1}},"line":331},"11":{"name":"(anonymous_11)","decl":{"start":{"line":338,"column":27},"end":{"line":338,"column":28}},"loc":{"start":{"line":338,"column":51},"end":{"line":341,"column":5}},"line":338},"12":{"name":"(anonymous_12)","decl":{"start":{"line":366,"column":17},"end":{"line":366,"column":18}},"loc":{"start":{"line":366,"column":43},"end":{"line":380,"column":1}},"line":366},"13":{"name":"List","decl":{"start":{"line":402,"column":9},"end":{"line":402,"column":13}},"loc":{"start":{"line":402,"column":30},"end":{"line":427,"column":1}},"line":402},"14":{"name":"(anonymous_14)","decl":{"start":{"line":414,"column":28},"end":{"line":414,"column":29}},"loc":{"start":{"line":414,"column":47},"end":{"line":423,"column":3}},"line":414},"15":{"name":"(anonymous_15)","decl":{"start":{"line":435,"column":26},"end":{"line":435,"column":27}},"loc":{"start":{"line":435,"column":50},"end":{"line":464,"column":1}},"line":435},"16":{"name":"(anonymous_16)","decl":{"start":{"line":439,"column":35},"end":{"line":439,"column":36}},"loc":{"start":{"line":439,"column":51},"end":{"line":444,"column":3}},"line":439},"17":{"name":"(anonymous_17)","decl":{"start":{"line":448,"column":30},"end":{"line":448,"column":31}},"loc":{"start":{"line":448,"column":43},"end":{"line":457,"column":3}},"line":448},"18":{"name":"(anonymous_18)","decl":{"start":{"line":459,"column":27},"end":{"line":459,"column":28}},"loc":{"start":{"line":459,"column":42},"end":{"line":461,"column":3}},"line":459},"19":{"name":"(anonymous_19)","decl":{"start":{"line":465,"column":25},"end":{"line":465,"column":26}},"loc":{"start":{"line":465,"column":37},"end":{"line":481,"column":1}},"line":465},"20":{"name":"(anonymous_20)","decl":{"start":{"line":467,"column":21},"end":{"line":467,"column":22}},"loc":{"start":{"line":467,"column":37},"end":{"line":479,"column":3}},"line":467},"21":{"name":"(anonymous_21)","decl":{"start":{"line":471,"column":19},"end":{"line":471,"column":20}},"loc":{"start":{"line":471,"column":38},"end":{"line":477,"column":7}},"line":471},"22":{"name":"(anonymous_22)","decl":{"start":{"line":482,"column":25},"end":{"line":482,"column":26}},"loc":{"start":{"line":482,"column":50},"end":{"line":484,"column":1}},"line":482},"23":{"name":"(anonymous_23)","decl":{"start":{"line":485,"column":21},"end":{"line":485,"column":22}},"loc":{"start":{"line":485,"column":38},"end":{"line":487,"column":1}},"line":485},"24":{"name":"(anonymous_24)","decl":{"start":{"line":488,"column":22},"end":{"line":488,"column":23}},"loc":{"start":{"line":488,"column":38},"end":{"line":509,"column":1}},"line":488},"25":{"name":"(anonymous_25)","decl":{"start":{"line":490,"column":11},"end":{"line":490,"column":12}},"loc":{"start":{"line":490,"column":27},"end":{"line":498,"column":5}},"line":490},"26":{"name":"(anonymous_26)","decl":{"start":{"line":510,"column":24},"end":{"line":510,"column":25}},"loc":{"start":{"line":510,"column":49},"end":{"line":512,"column":1}},"line":510},"27":{"name":"(anonymous_27)","decl":{"start":{"line":523,"column":24},"end":{"line":523,"column":25}},"loc":{"start":{"line":523,"column":50},"end":{"line":554,"column":1}},"line":523},"28":{"name":"(anonymous_28)","decl":{"start":{"line":561,"column":23},"end":{"line":561,"column":24}},"loc":{"start":{"line":561,"column":35},"end":{"line":572,"column":1}},"line":561},"29":{"name":"(anonymous_29)","decl":{"start":{"line":562,"column":27},"end":{"line":562,"column":28}},"loc":{"start":{"line":562,"column":48},"end":{"line":571,"column":3}},"line":562},"30":{"name":"castId","decl":{"start":{"line":586,"column":9},"end":{"line":586,"column":15}},"loc":{"start":{"line":586,"column":22},"end":{"line":600,"column":1}},"line":586},"31":{"name":"castObject","decl":{"start":{"line":601,"column":9},"end":{"line":601,"column":19}},"loc":{"start":{"line":601,"column":24},"end":{"line":603,"column":1}},"line":601},"32":{"name":"cloneTree","decl":{"start":{"line":614,"column":9},"end":{"line":614,"column":18}},"loc":{"start":{"line":614,"column":36},"end":{"line":632,"column":1}},"line":614},"33":{"name":"(anonymous_33)","decl":{"start":{"line":623,"column":28},"end":{"line":623,"column":29}},"loc":{"start":{"line":623,"column":43},"end":{"line":625,"column":3}},"line":623},"34":{"name":"(anonymous_34)","decl":{"start":{"line":627,"column":32},"end":{"line":627,"column":33}},"loc":{"start":{"line":627,"column":47},"end":{"line":629,"column":3}},"line":627},"35":{"name":"determineAncestry","decl":{"start":{"line":633,"column":9},"end":{"line":633,"column":26}},"loc":{"start":{"line":633,"column":47},"end":{"line":658,"column":1}},"line":633},"36":{"name":"(anonymous_36)","decl":{"start":{"line":649,"column":27},"end":{"line":649,"column":28}},"loc":{"start":{"line":649,"column":58},"end":{"line":654,"column":5}},"line":649}},"branchMap":{"0":{"loc":{"start":{"line":119,"column":2},"end":{"line":121,"column":3}},"type":"if","locations":[{"start":{"line":119,"column":2},"end":{"line":121,"column":3}},{"start":{"line":119,"column":2},"end":{"line":121,"column":3}}],"line":119},"1":{"loc":{"start":{"line":125,"column":12},"end":{"line":125,"column":55}},"type":"cond-expr","locations":[{"start":{"line":125,"column":30},"end":{"line":125,"column":48}},{"start":{"line":125,"column":51},"end":{"line":125,"column":55}}],"line":125},"2":{"loc":{"start":{"line":126,"column":15},"end":{"line":126,"column":64}},"type":"cond-expr","locations":[{"start":{"line":126,"column":36},"end":{"line":126,"column":57}},{"start":{"line":126,"column":60},"end":{"line":126,"column":64}}],"line":126},"3":{"loc":{"start":{"line":127,"column":17},"end":{"line":127,"column":75}},"type":"cond-expr","locations":[{"start":{"line":127,"column":40},"end":{"line":127,"column":66}},{"start":{"line":127,"column":69},"end":{"line":127,"column":75}}],"line":127},"4":{"loc":{"start":{"line":155,"column":14},"end":{"line":157,"column":7}},"type":"cond-expr","locations":[{"start":{"line":156,"column":6},"end":{"line":156,"column":23}},{"start":{"line":157,"column":6},"end":{"line":157,"column":7}}],"line":155},"5":{"loc":{"start":{"line":155,"column":14},"end":{"line":155,"column":68}},"type":"binary-expr","locations":[{"start":{"line":155,"column":14},"end":{"line":155,"column":26}},{"start":{"line":155,"column":30},"end":{"line":155,"column":45}},{"start":{"line":155,"column":49},"end":{"line":155,"column":68}}],"line":155},"6":{"loc":{"start":{"line":161,"column":4},"end":{"line":163,"column":5}},"type":"if","locations":[{"start":{"line":161,"column":4},"end":{"line":163,"column":5}},{"start":{"line":161,"column":4},"end":{"line":163,"column":5}}],"line":161},"7":{"loc":{"start":{"line":164,"column":4},"end":{"line":166,"column":5}},"type":"if","locations":[{"start":{"line":164,"column":4},"end":{"line":166,"column":5}},{"start":{"line":164,"column":4},"end":{"line":166,"column":5}}],"line":164},"8":{"loc":{"start":{"line":164,"column":8},"end":{"line":164,"column":63}},"type":"binary-expr","locations":[{"start":{"line":164,"column":8},"end":{"line":164,"column":45}},{"start":{"line":164,"column":49},"end":{"line":164,"column":63}}],"line":164},"9":{"loc":{"start":{"line":186,"column":2},"end":{"line":188,"column":3}},"type":"if","locations":[{"start":{"line":186,"column":2},"end":{"line":188,"column":3}},{"start":{"line":186,"column":2},"end":{"line":188,"column":3}}],"line":186},"10":{"loc":{"start":{"line":186,"column":6},"end":{"line":186,"column":59}},"type":"binary-expr","locations":[{"start":{"line":186,"column":6},"end":{"line":186,"column":35}},{"start":{"line":186,"column":39},"end":{"line":186,"column":59}}],"line":186},"11":{"loc":{"start":{"line":194,"column":2},"end":{"line":196,"column":3}},"type":"if","locations":[{"start":{"line":194,"column":2},"end":{"line":196,"column":3}},{"start":{"line":194,"column":2},"end":{"line":196,"column":3}}],"line":194},"12":{"loc":{"start":{"line":230,"column":2},"end":{"line":232,"column":3}},"type":"if","locations":[{"start":{"line":230,"column":2},"end":{"line":232,"column":3}},{"start":{"line":230,"column":2},"end":{"line":232,"column":3}}],"line":230},"13":{"loc":{"start":{"line":237,"column":2},"end":{"line":239,"column":3}},"type":"if","locations":[{"start":{"line":237,"column":2},"end":{"line":239,"column":3}},{"start":{"line":237,"column":2},"end":{"line":239,"column":3}}],"line":237},"14":{"loc":{"start":{"line":244,"column":6},"end":{"line":248,"column":7}},"type":"if","locations":[{"start":{"line":244,"column":6},"end":{"line":248,"column":7}},{"start":{"line":244,"column":6},"end":{"line":248,"column":7}}],"line":244},"15":{"loc":{"start":{"line":244,"column":10},"end":{"line":244,"column":52}},"type":"binary-expr","locations":[{"start":{"line":244,"column":10},"end":{"line":244,"column":26}},{"start":{"line":244,"column":30},"end":{"line":244,"column":52}}],"line":244},"16":{"loc":{"start":{"line":246,"column":13},"end":{"line":248,"column":7}},"type":"if","locations":[{"start":{"line":246,"column":13},"end":{"line":248,"column":7}},{"start":{"line":246,"column":13},"end":{"line":248,"column":7}}],"line":246},"17":{"loc":{"start":{"line":255,"column":4},"end":{"line":259,"column":5}},"type":"if","locations":[{"start":{"line":255,"column":4},"end":{"line":259,"column":5}},{"start":{"line":255,"column":4},"end":{"line":259,"column":5}}],"line":255},"18":{"loc":{"start":{"line":255,"column":8},"end":{"line":255,"column":58}},"type":"binary-expr","locations":[{"start":{"line":255,"column":8},"end":{"line":255,"column":26}},{"start":{"line":255,"column":30},"end":{"line":255,"column":58}}],"line":255},"19":{"loc":{"start":{"line":275,"column":2},"end":{"line":279,"column":3}},"type":"if","locations":[{"start":{"line":275,"column":2},"end":{"line":279,"column":3}},{"start":{"line":275,"column":2},"end":{"line":279,"column":3}}],"line":275},"20":{"loc":{"start":{"line":293,"column":4},"end":{"line":296,"column":5}},"type":"if","locations":[{"start":{"line":293,"column":4},"end":{"line":296,"column":5}},{"start":{"line":293,"column":4},"end":{"line":296,"column":5}}],"line":293},"21":{"loc":{"start":{"line":317,"column":9},"end":{"line":317,"column":58}},"type":"binary-expr","locations":[{"start":{"line":317,"column":9},"end":{"line":317,"column":24}},{"start":{"line":317,"column":28},"end":{"line":317,"column":58}}],"line":317},"22":{"loc":{"start":{"line":333,"column":19},"end":{"line":333,"column":53}},"type":"binary-expr","locations":[{"start":{"line":333,"column":19},"end":{"line":333,"column":36}},{"start":{"line":333,"column":40},"end":{"line":333,"column":53}}],"line":333},"23":{"loc":{"start":{"line":337,"column":2},"end":{"line":342,"column":3}},"type":"if","locations":[{"start":{"line":337,"column":2},"end":{"line":342,"column":3}},{"start":{"line":337,"column":2},"end":{"line":342,"column":3}}],"line":337},"24":{"loc":{"start":{"line":344,"column":9},"end":{"line":344,"column":79}},"type":"cond-expr","locations":[{"start":{"line":344,"column":35},"end":{"line":344,"column":39}},{"start":{"line":344,"column":42},"end":{"line":344,"column":79}}],"line":344},"25":{"loc":{"start":{"line":367,"column":10},"end":{"line":367,"column":43}},"type":"cond-expr","locations":[{"start":{"line":367,"column":33},"end":{"line":367,"column":38}},{"start":{"line":367,"column":41},"end":{"line":367,"column":43}}],"line":367},"26":{"loc":{"start":{"line":370,"column":19},"end":{"line":370,"column":59}},"type":"cond-expr","locations":[{"start":{"line":370,"column":41},"end":{"line":370,"column":55}},{"start":{"line":370,"column":58},"end":{"line":370,"column":59}}],"line":370},"27":{"loc":{"start":{"line":371,"column":23},"end":{"line":371,"column":79}},"type":"cond-expr","locations":[{"start":{"line":371,"column":49},"end":{"line":371,"column":67}},{"start":{"line":371,"column":70},"end":{"line":371,"column":79}}],"line":371},"28":{"loc":{"start":{"line":375,"column":2},"end":{"line":379,"column":3}},"type":"if","locations":[{"start":{"line":375,"column":2},"end":{"line":379,"column":3}},{"start":{"line":375,"column":2},"end":{"line":379,"column":3}}],"line":375},"29":{"loc":{"start":{"line":403,"column":2},"end":{"line":405,"column":3}},"type":"if","locations":[{"start":{"line":403,"column":2},"end":{"line":405,"column":3}},{"start":{"line":403,"column":2},"end":{"line":405,"column":3}}],"line":403},"30":{"loc":{"start":{"line":407,"column":2},"end":{"line":411,"column":3}},"type":"if","locations":[{"start":{"line":407,"column":2},"end":{"line":411,"column":3}},{"start":{"line":407,"column":2},"end":{"line":411,"column":3}}],"line":407},"31":{"loc":{"start":{"line":409,"column":9},"end":{"line":411,"column":3}},"type":"if","locations":[{"start":{"line":409,"column":9},"end":{"line":411,"column":3}},{"start":{"line":409,"column":9},"end":{"line":411,"column":3}}],"line":409},"32":{"loc":{"start":{"line":415,"column":4},"end":{"line":421,"column":5}},"type":"if","locations":[{"start":{"line":415,"column":4},"end":{"line":421,"column":5}},{"start":{"line":415,"column":4},"end":{"line":421,"column":5}}],"line":415},"33":{"loc":{"start":{"line":416,"column":13},"end":{"line":418,"column":14}},"type":"cond-expr","locations":[{"start":{"line":417,"column":10},"end":{"line":417,"column":45}},{"start":{"line":418,"column":10},"end":{"line":418,"column":14}}],"line":416},"34":{"loc":{"start":{"line":416,"column":13},"end":{"line":416,"column":68}},"type":"binary-expr","locations":[{"start":{"line":416,"column":13},"end":{"line":416,"column":42}},{"start":{"line":416,"column":46},"end":{"line":416,"column":68}}],"line":416},"35":{"loc":{"start":{"line":440,"column":4},"end":{"line":442,"column":5}},"type":"if","locations":[{"start":{"line":440,"column":4},"end":{"line":442,"column":5}},{"start":{"line":440,"column":4},"end":{"line":442,"column":5}}],"line":440},"36":{"loc":{"start":{"line":440,"column":8},"end":{"line":440,"column":46}},"type":"binary-expr","locations":[{"start":{"line":440,"column":8},"end":{"line":440,"column":25}},{"start":{"line":440,"column":29},"end":{"line":440,"column":46}}],"line":440},"37":{"loc":{"start":{"line":453,"column":4},"end":{"line":456,"column":5}},"type":"if","locations":[{"start":{"line":453,"column":4},"end":{"line":456,"column":5}},{"start":{"line":453,"column":4},"end":{"line":456,"column":5}}],"line":453},"38":{"loc":{"start":{"line":468,"column":4},"end":{"line":478,"column":5}},"type":"if","locations":[{"start":{"line":468,"column":4},"end":{"line":478,"column":5}},{"start":{"line":468,"column":4},"end":{"line":478,"column":5}}],"line":468},"39":{"loc":{"start":{"line":472,"column":8},"end":{"line":476,"column":9}},"type":"if","locations":[{"start":{"line":472,"column":8},"end":{"line":476,"column":9}},{"start":{"line":472,"column":8},"end":{"line":476,"column":9}}],"line":472},"40":{"loc":{"start":{"line":489,"column":2},"end":{"line":499,"column":3}},"type":"if","locations":[{"start":{"line":489,"column":2},"end":{"line":499,"column":3}},{"start":{"line":489,"column":2},"end":{"line":499,"column":3}}],"line":489},"41":{"loc":{"start":{"line":491,"column":6},"end":{"line":493,"column":7}},"type":"if","locations":[{"start":{"line":491,"column":6},"end":{"line":493,"column":7}},{"start":{"line":491,"column":6},"end":{"line":493,"column":7}}],"line":491},"42":{"loc":{"start":{"line":494,"column":6},"end":{"line":496,"column":7}},"type":"if","locations":[{"start":{"line":494,"column":6},"end":{"line":496,"column":7}},{"start":{"line":494,"column":6},"end":{"line":496,"column":7}}],"line":494},"43":{"loc":{"start":{"line":503,"column":2},"end":{"line":508,"column":3}},"type":"if","locations":[{"start":{"line":503,"column":2},"end":{"line":508,"column":3}},{"start":{"line":503,"column":2},"end":{"line":508,"column":3}}],"line":503},"44":{"loc":{"start":{"line":507,"column":11},"end":{"line":507,"column":46}},"type":"cond-expr","locations":[{"start":{"line":507,"column":33},"end":{"line":507,"column":37}},{"start":{"line":507,"column":40},"end":{"line":507,"column":46}}],"line":507},"45":{"loc":{"start":{"line":526,"column":2},"end":{"line":532,"column":3}},"type":"if","locations":[{"start":{"line":526,"column":2},"end":{"line":532,"column":3}},{"start":{"line":526,"column":2},"end":{"line":532,"column":3}}],"line":526},"46":{"loc":{"start":{"line":527,"column":4},"end":{"line":529,"column":28}},"type":"binary-expr","locations":[{"start":{"line":527,"column":4},"end":{"line":527,"column":28}},{"start":{"line":528,"column":4},"end":{"line":528,"column":32}},{"start":{"line":529,"column":4},"end":{"line":529,"column":28}}],"line":527},"47":{"loc":{"start":{"line":535,"column":2},"end":{"line":551,"column":3}},"type":"switch","locations":[{"start":{"line":536,"column":4},"end":{"line":542,"column":11}},{"start":{"line":543,"column":4},"end":{"line":543,"column":19}},{"start":{"line":544,"column":4},"end":{"line":550,"column":11}}],"line":535},"48":{"loc":{"start":{"line":538,"column":8},"end":{"line":540,"column":9}},"type":"if","locations":[{"start":{"line":538,"column":8},"end":{"line":540,"column":9}},{"start":{"line":538,"column":8},"end":{"line":540,"column":9}}],"line":538},"49":{"loc":{"start":{"line":546,"column":8},"end":{"line":548,"column":9}},"type":"if","locations":[{"start":{"line":546,"column":8},"end":{"line":548,"column":9}},{"start":{"line":546,"column":8},"end":{"line":548,"column":9}}],"line":546},"50":{"loc":{"start":{"line":563,"column":4},"end":{"line":568,"column":5}},"type":"if","locations":[{"start":{"line":563,"column":4},"end":{"line":568,"column":5}},{"start":{"line":563,"column":4},"end":{"line":568,"column":5}}],"line":563},"51":{"loc":{"start":{"line":564,"column":6},"end":{"line":566,"column":7}},"type":"if","locations":[{"start":{"line":564,"column":6},"end":{"line":566,"column":7}},{"start":{"line":564,"column":6},"end":{"line":566,"column":7}}],"line":564},"52":{"loc":{"start":{"line":587,"column":2},"end":{"line":599,"column":3}},"type":"if","locations":[{"start":{"line":587,"column":2},"end":{"line":599,"column":3}},{"start":{"line":587,"column":2},"end":{"line":599,"column":3}}],"line":587},"53":{"loc":{"start":{"line":588,"column":4},"end":{"line":594,"column":5}},"type":"binary-expr","locations":[{"start":{"line":588,"column":4},"end":{"line":588,"column":27}},{"start":{"line":590,"column":6},"end":{"line":590,"column":29}},{"start":{"line":591,"column":6},"end":{"line":591,"column":25}},{"start":{"line":592,"column":6},"end":{"line":592,"column":22}},{"start":{"line":593,"column":6},"end":{"line":593,"column":23}}],"line":588},"54":{"loc":{"start":{"line":602,"column":9},"end":{"line":602,"column":70}},"type":"cond-expr","locations":[{"start":{"line":602,"column":47},"end":{"line":602,"column":48}},{"start":{"line":602,"column":51},"end":{"line":602,"column":70}}],"line":602},"55":{"loc":{"start":{"line":602,"column":9},"end":{"line":602,"column":44}},"type":"binary-expr","locations":[{"start":{"line":602,"column":9},"end":{"line":602,"column":30}},{"start":{"line":602,"column":34},"end":{"line":602,"column":44}}],"line":602},"56":{"loc":{"start":{"line":639,"column":2},"end":{"line":641,"column":3}},"type":"if","locations":[{"start":{"line":639,"column":2},"end":{"line":641,"column":3}},{"start":{"line":639,"column":2},"end":{"line":641,"column":3}}],"line":639},"57":{"loc":{"start":{"line":648,"column":2},"end":{"line":655,"column":3}},"type":"if","locations":[{"start":{"line":648,"column":2},"end":{"line":655,"column":3}},{"start":{"line":648,"column":2},"end":{"line":655,"column":3}}],"line":648},"58":{"loc":{"start":{"line":650,"column":6},"end":{"line":652,"column":7}},"type":"if","locations":[{"start":{"line":650,"column":6},"end":{"line":652,"column":7}},{"start":{"line":650,"column":6},"end":{"line":652,"column":7}}],"line":650}},"s":{"0":1900,"1":949,"2":951,"3":951,"4":951,"5":951,"6":951,"7":951,"8":951,"9":951,"10":951,"11":951,"12":951,"13":2495,"14":2495,"15":2469,"16":26,"17":19,"18":951,"19":951,"20":2,"21":241,"22":14,"23":227,"24":227,"25":227,"26":50,"27":227,"28":230,"29":230,"30":230,"31":467,"32":467,"33":230,"34":230,"35":227,"36":2,"37":232,"38":1,"39":231,"40":231,"41":227,"42":4,"43":4,"44":7,"45":14,"46":3,"47":11,"48":7,"49":14,"50":7,"51":7,"52":7,"53":4,"54":3,"55":4,"56":2,"57":3601,"58":3601,"59":3039,"60":3039,"61":2497,"62":2,"63":1096,"64":1096,"65":3581,"66":562,"67":562,"68":3019,"69":1096,"70":2,"71":237,"72":2,"73":27,"74":27,"75":27,"76":27,"77":27,"78":26,"79":20,"80":20,"81":27,"82":2,"83":60,"84":60,"85":60,"86":60,"87":60,"88":59,"89":39,"90":20,"91":2,"92":2817,"93":1379,"94":1438,"95":26,"96":1412,"97":467,"98":1438,"99":1438,"100":1631,"101":1631,"102":1631,"103":1631,"104":1631,"105":1438,"106":1438,"107":2,"108":60,"109":60,"110":367,"111":4,"112":363,"113":60,"114":59,"115":277,"116":277,"117":277,"118":277,"119":222,"120":222,"121":59,"122":53,"123":59,"124":2,"125":60,"126":60,"127":277,"128":272,"129":5,"130":7,"131":2,"132":5,"133":60,"134":2,"135":0,"136":2,"137":8,"138":2,"139":32,"140":25,"141":18,"142":10,"143":8,"144":8,"145":0,"146":32,"147":22,"148":10,"149":10,"150":2,"151":26,"152":2,"153":41,"154":41,"155":0,"156":41,"157":1,"158":4,"159":0,"160":1,"161":40,"162":36,"163":15,"164":25,"165":26,"166":2,"167":290,"168":519,"169":3,"170":2,"171":1,"172":516,"173":516,"174":1556,"175":1484,"176":72,"177":1766,"178":410,"179":410,"180":410,"181":1642,"182":410,"183":405,"184":410,"185":277,"186":277,"187":277,"188":277,"189":277,"190":97,"191":180,"192":650,"193":650,"194":180,"195":49,"196":338,"197":169,"198":338,"199":131},"f":{"0":1900,"1":2495,"2":241,"3":467,"4":232,"5":14,"6":3601,"7":1096,"8":3581,"9":237,"10":27,"11":20,"12":60,"13":2817,"14":1631,"15":60,"16":367,"17":277,"18":53,"19":60,"20":277,"21":7,"22":0,"23":8,"24":32,"25":18,"26":26,"27":41,"28":290,"29":519,"30":1556,"31":1766,"32":410,"33":1642,"34":405,"35":277,"36":338},"b":{"0":[949,951],"1":[836,115],"2":[720,231],"3":[503,448],"4":[825,126],"5":[951,138,131],"6":[2469,26],"7":[19,7],"8":[26,8],"9":[14,227],"10":[241,229],"11":[50,177],"12":[1,231],"13":[227,4],"14":[3,11],"15":[14,6],"16":[7,4],"17":[4,3],"18":[7,3],"19":[3039,562],"20":[562,3019],"21":[237,6],"22":[27,21],"23":[26,1],"24":[21,6],"25":[46,14],"26":[20,40],"27":[0,60],"28":[39,20],"29":[1379,1438],"30":[26,1412],"31":[467,945],"32":[1631,0],"33":[153,1478],"34":[1631,679],"35":[4,363],"36":[367,363],"37":[222,55],"38":[272,5],"39":[2,5],"40":[25,7],"41":[10,8],"42":[8,0],"43":[22,10],"44":[2,8],"45":[0,41],"46":[41,41,41],"47":[1,0,40],"48":[0,4],"49":[15,21],"50":[3,516],"51":[2,1],"52":[1484,72],"53":[1556,1552,1488,1484,1480],"54":[1637,129],"55":[1766,1638],"56":[97,180],"57":[49,131],"58":[169,169]},"_coverageSchema":"1a1c01bbd47fc00a2c39e90264f33305004495a9","hash":"ffdaf01915b4fbc13ca1c7f7833782f5641316f8"}
}
