TN:
SF:src/private.js
FN:118,Tree
FN:159,(anonymous_1)
FN:185,(anonymous_2)
FN:201,(anonymous_3)
FN:223,(anonymous_4)
FN:243,(anonymous_5)
FN:273,(anonymous_6)
FN:289,(anonymous_7)
FN:292,(anonymous_8)
FN:316,(anonymous_9)
FN:331,(anonymous_10)
FN:338,(anonymous_11)
FN:366,(anonymous_12)
FN:402,List
FN:414,(anonymous_14)
FN:435,(anonymous_15)
FN:439,(anonymous_16)
FN:448,(anonymous_17)
FN:459,(anonymous_18)
FN:465,(anonymous_19)
FN:467,(anonymous_20)
FN:471,(anonymous_21)
FN:482,(anonymous_22)
FN:485,(anonymous_23)
FN:488,(anonymous_24)
FN:490,(anonymous_25)
FN:510,(anonymous_26)
FN:523,(anonymous_27)
FN:561,(anonymous_28)
FN:562,(anonymous_29)
FN:586,castId
FN:601,castObject
FN:614,cloneTree
FN:623,(anonymous_33)
FN:627,(anonymous_34)
FN:633,determineAncestry
FN:649,(anonymous_36)
FNF:37
FNH:36
FNDA:1900,Tree
FNDA:2495,(anonymous_1)
FNDA:241,(anonymous_2)
FNDA:467,(anonymous_3)
FNDA:232,(anonymous_4)
FNDA:14,(anonymous_5)
FNDA:3601,(anonymous_6)
FNDA:1096,(anonymous_7)
FNDA:3581,(anonymous_8)
FNDA:237,(anonymous_9)
FNDA:27,(anonymous_10)
FNDA:20,(anonymous_11)
FNDA:60,(anonymous_12)
FNDA:2817,List
FNDA:1631,(anonymous_14)
FNDA:60,(anonymous_15)
FNDA:367,(anonymous_16)
FNDA:277,(anonymous_17)
FNDA:53,(anonymous_18)
FNDA:60,(anonymous_19)
FNDA:277,(anonymous_20)
FNDA:7,(anonymous_21)
FNDA:0,(anonymous_22)
FNDA:8,(anonymous_23)
FNDA:32,(anonymous_24)
FNDA:18,(anonymous_25)
FNDA:26,(anonymous_26)
FNDA:41,(anonymous_27)
FNDA:290,(anonymous_28)
FNDA:519,(anonymous_29)
FNDA:1556,castId
FNDA:1766,castObject
FNDA:410,cloneTree
FNDA:1642,(anonymous_33)
FNDA:405,(anonymous_34)
FNDA:277,determineAncestry
FNDA:338,(anonymous_36)
DA:119,1900
DA:120,949
DA:123,951
DA:125,951
DA:126,951
DA:127,951
DA:128,951
DA:129,951
DA:135,951
DA:141,951
DA:148,951
DA:155,951
DA:159,951
DA:160,2495
DA:161,2495
DA:162,2469
DA:164,26
DA:165,19
DA:169,951
DA:170,951
DA:185,2
DA:186,241
DA:187,14
DA:191,227
DA:192,227
DA:194,227
DA:195,50
DA:198,227
DA:199,230
DA:200,230
DA:201,230
DA:202,467
DA:203,467
DA:206,230
DA:207,230
DA:210,227
DA:223,2
DA:230,232
DA:231,1
DA:234,231
DA:237,231
DA:238,227
DA:241,4
DA:242,4
DA:243,7
DA:244,14
DA:245,3
DA:246,11
DA:247,7
DA:249,14
DA:252,7
DA:254,7
DA:255,7
DA:256,4
DA:258,3
DA:262,4
DA:273,2
DA:274,3601
DA:275,3601
DA:276,3039
DA:277,2497
DA:289,2
DA:290,1096
DA:292,1096
DA:293,3581
DA:294,562
DA:295,562
DA:297,3019
DA:300,1096
DA:316,2
DA:317,237
DA:331,2
DA:332,27
DA:333,27
DA:335,27
DA:336,27
DA:337,27
DA:338,26
DA:339,20
DA:340,20
DA:344,27
DA:366,2
DA:367,60
DA:369,60
DA:370,60
DA:371,60
DA:373,60
DA:375,59
DA:376,39
DA:378,20
DA:382,2
DA:403,2817
DA:404,1379
DA:407,1438
DA:408,26
DA:409,1412
DA:410,467
DA:413,1438
DA:414,1438
DA:415,1631
DA:416,1631
DA:419,1631
DA:420,1631
DA:422,1631
DA:425,1438
DA:426,1438
DA:435,2
DA:436,60
DA:439,60
DA:440,367
DA:441,4
DA:443,363
DA:446,60
DA:448,59
DA:449,277
DA:450,277
DA:452,277
DA:453,277
DA:454,222
DA:455,222
DA:459,59
DA:460,53
DA:463,59
DA:465,2
DA:466,60
DA:467,60
DA:468,277
DA:469,272
DA:471,5
DA:472,7
DA:473,2
DA:475,5
DA:480,60
DA:482,2
DA:483,0
DA:485,2
DA:486,8
DA:488,2
DA:489,32
DA:490,25
DA:491,18
DA:492,10
DA:494,8
DA:495,8
DA:497,0
DA:503,32
DA:504,22
DA:506,10
DA:507,10
DA:510,2
DA:511,26
DA:523,2
DA:524,41
DA:526,41
DA:531,0
DA:535,41
DA:537,1
DA:538,4
DA:539,0
DA:542,1
DA:545,40
DA:546,36
DA:547,15
DA:550,25
DA:553,26
DA:561,2
DA:562,290
DA:563,519
DA:564,3
DA:565,2
DA:567,1
DA:569,516
DA:570,516
DA:587,1556
DA:596,1484
DA:598,72
DA:602,1766
DA:615,410
DA:617,410
DA:623,410
DA:624,1642
DA:627,410
DA:628,405
DA:631,410
DA:634,277
DA:635,277
DA:636,277
DA:637,277
DA:639,277
DA:640,97
DA:643,180
DA:644,650
DA:645,650
DA:648,180
DA:649,49
DA:650,338
DA:651,169
DA:653,338
DA:657,131
LF:199
LH:195
BRDA:119,0,0,949
BRDA:119,0,1,951
BRDA:125,1,0,836
BRDA:125,1,1,115
BRDA:126,2,0,720
BRDA:126,2,1,231
BRDA:127,3,0,503
BRDA:127,3,1,448
BRDA:155,4,0,825
BRDA:155,4,1,126
BRDA:155,5,0,951
BRDA:155,5,1,138
BRDA:155,5,2,131
BRDA:161,6,0,2469
BRDA:161,6,1,26
BRDA:164,7,0,19
BRDA:164,7,1,7
BRDA:164,8,0,26
BRDA:164,8,1,8
BRDA:186,9,0,14
BRDA:186,9,1,227
BRDA:186,10,0,241
BRDA:186,10,1,229
BRDA:194,11,0,50
BRDA:194,11,1,177
BRDA:230,12,0,1
BRDA:230,12,1,231
BRDA:237,13,0,227
BRDA:237,13,1,4
BRDA:244,14,0,3
BRDA:244,14,1,11
BRDA:244,15,0,14
BRDA:244,15,1,6
BRDA:246,16,0,7
BRDA:246,16,1,4
BRDA:255,17,0,4
BRDA:255,17,1,3
BRDA:255,18,0,7
BRDA:255,18,1,3
BRDA:275,19,0,3039
BRDA:275,19,1,562
BRDA:293,20,0,562
BRDA:293,20,1,3019
BRDA:317,21,0,237
BRDA:317,21,1,6
BRDA:333,22,0,27
BRDA:333,22,1,21
BRDA:337,23,0,26
BRDA:337,23,1,1
BRDA:344,24,0,21
BRDA:344,24,1,6
BRDA:367,25,0,46
BRDA:367,25,1,14
BRDA:370,26,0,20
BRDA:370,26,1,40
BRDA:371,27,0,0
BRDA:371,27,1,60
BRDA:375,28,0,39
BRDA:375,28,1,20
BRDA:403,29,0,1379
BRDA:403,29,1,1438
BRDA:407,30,0,26
BRDA:407,30,1,1412
BRDA:409,31,0,467
BRDA:409,31,1,945
BRDA:415,32,0,1631
BRDA:415,32,1,0
BRDA:416,33,0,153
BRDA:416,33,1,1478
BRDA:416,34,0,1631
BRDA:416,34,1,679
BRDA:440,35,0,4
BRDA:440,35,1,363
BRDA:440,36,0,367
BRDA:440,36,1,363
BRDA:453,37,0,222
BRDA:453,37,1,55
BRDA:468,38,0,272
BRDA:468,38,1,5
BRDA:472,39,0,2
BRDA:472,39,1,5
BRDA:489,40,0,25
BRDA:489,40,1,7
BRDA:491,41,0,10
BRDA:491,41,1,8
BRDA:494,42,0,8
BRDA:494,42,1,0
BRDA:503,43,0,22
BRDA:503,43,1,10
BRDA:507,44,0,2
BRDA:507,44,1,8
BRDA:526,45,0,0
BRDA:526,45,1,41
BRDA:527,46,0,41
BRDA:527,46,1,41
BRDA:527,46,2,41
BRDA:535,47,0,1
BRDA:535,47,1,0
BRDA:535,47,2,40
BRDA:538,48,0,0
BRDA:538,48,1,4
BRDA:546,49,0,15
BRDA:546,49,1,21
BRDA:563,50,0,3
BRDA:563,50,1,516
BRDA:564,51,0,2
BRDA:564,51,1,1
BRDA:587,52,0,1484
BRDA:587,52,1,72
BRDA:588,53,0,1556
BRDA:588,53,1,1552
BRDA:588,53,2,1488
BRDA:588,53,3,1484
BRDA:588,53,4,1480
BRDA:602,54,0,1637
BRDA:602,54,1,129
BRDA:602,55,0,1766
BRDA:602,55,1,1638
BRDA:639,56,0,97
BRDA:639,56,1,180
BRDA:648,57,0,49
BRDA:648,57,1,131
BRDA:650,58,0,169
BRDA:650,58,1,169
BRF:124
BRH:118
end_of_record
